 C O N T R O L   I N F O R M A T I O N

      NUMBER OF NODAL POINTS . . . . . . . (NUMNP)  =        126
      NUMBER OF ELEMENT GROUPS . . . . . . (NUMEG)  =          2
      NUMBER OF LOAD CASES . . . . . . . . (NLCASE) =          1
      SOLUTION MODE  . . . . . . . . . . . (MODEX)  =          1


 D I S P L A C E M E N T S (Final State)

    NODE           X-DISPLACEMENT    Y-DISPLACEMENT    Z-DISPLACEMENT
       1         0.000000e+00      0.000000e+00      0.000000e+00
       2         0.000000e+00      0.000000e+00      0.000000e+00
       3         0.000000e+00      0.000000e+00      0.000000e+00
       4         0.000000e+00      0.000000e+00      0.000000e+00
       5         7.904716e-03     -7.103576e-05      0.000000e+00
       6         7.904716e-03     -7.103576e-05      0.000000e+00
       7         1.195046e-05     -1.243188e-03     -3.413334e-18
       8         1.195046e-05     -1.243188e-03     -3.413524e-18
       9         2.390085e-05     -3.737767e-03     -1.100446e-17
      10         2.390085e-05     -3.737767e-03     -1.100485e-17
      11         3.585136e-05     -6.298000e-03     -1.880028e-17
      12         3.585136e-05     -8.269639e-03     -1.880030e-17
      13         3.585136e-05     -8.269639e-03     -1.880031e-17
      14         3.585136e-05     -6.298000e-03     -1.880032e-17
      15         7.665197e-03     -6.269667e-03      6.622375e-03
      16         7.665197e-03     -6.269667e-03     -6.622375e-03
      17         7.047978e-05     -8.647500e-03     -2.767339e-17
      18         7.047978e-05     -8.647500e-03     -2.767569e-17
      19         1.051077e-04     -1.051480e-02     -3.849889e-17
      20         1.051077e-04     -1.051480e-02     -3.850401e-17
      21         1.397361e-04     -1.205488e-02     -4.730782e-17
      22         1.397361e-04     -1.441530e-02     -4.730783e-17
      23         1.397361e-04     -1.441530e-02     -4.730784e-17
      24         1.397361e-04     -1.205488e-02     -4.730785e-17
      25         6.927333e-03     -1.200658e-02      8.371867e-03
      26         6.927333e-03     -1.200658e-02     -8.371867e-03
      27         1.932785e-04     -1.387188e-02     -5.583051e-17
      28         1.932785e-04     -1.387188e-02     -5.582922e-17
      29         2.468200e-04     -1.551091e-02     -6.579986e-17
      30         2.468200e-04     -1.551091e-02     -6.580514e-17
      31         3.003624e-04     -1.687172e-02     -7.325074e-17
      32         3.003624e-04     -1.933484e-02     -7.325072e-17
      33         3.003624e-04     -1.933484e-02     -7.325069e-17
      34         3.003624e-04     -1.687172e-02     -7.325067e-17
      35         5.788779e-03     -1.681219e-02      8.834010e-03
      36         5.788779e-03     -1.681219e-02     -8.834010e-03
      37         3.680151e-04     -1.837382e-02     -8.004342e-17
      38         3.680151e-04     -1.837382e-02     -8.004490e-17
      39         4.356667e-04     -1.959480e-02     -8.805775e-17
      40         4.356667e-04     -1.959480e-02     -8.807265e-17
      41         5.033193e-04     -2.050488e-02     -9.335779e-17
      42         5.033193e-04     -2.299509e-02     -9.335769e-17
      43         5.033193e-04     -2.299509e-02     -9.335758e-17
      44         5.033193e-04     -2.050488e-02     -9.335747e-17
      45         4.351900e-03     -2.043603e-02      8.955953e-03
      46         4.351900e-03     -2.043603e-02     -8.955953e-03
      47         5.803906e-04     -2.155664e-02     -9.782243e-17
      48         5.803906e-04     -2.155664e-02     -9.779395e-17
      49         6.574607e-04     -2.231679e-02     -1.033051e-16
      50         6.574607e-04     -2.231679e-02     -1.032772e-16
      51         7.345320e-04     -2.276006e-02     -1.058315e-16
      52         7.345320e-04     -2.525731e-02     -1.058314e-16
      53         7.345320e-04     -2.525731e-02     -1.058314e-16
      54         7.345320e-04     -2.276006e-02     -1.058313e-16
      55         2.715681e-03     -2.268587e-02      8.987614e-03
      56         2.715681e-03     -2.268587e-02     -8.987614e-03
      57         8.163144e-04     -2.332803e-02     -1.073574e-16
      58         8.163144e-04     -2.332803e-02     -1.073793e-16
      59         8.980846e-04     -2.358527e-02     -1.098468e-16
      60         8.980846e-04     -2.358527e-02     -1.098639e-16
      61         9.798670e-04     -2.352450e-02     -1.093392e-16
      62         9.798670e-04     -2.602314e-02     -1.093394e-16
      63         9.798670e-04     -2.602314e-02     -1.093396e-16
      64         9.798670e-04     -2.352450e-02     -1.093398e-16
      65         9.798671e-04     -2.344849e-02      8.993885e-03
      66         9.798671e-04     -2.344849e-02     -8.993885e-03
      67         1.061649e-03     -2.358527e-02     -1.077118e-16
      68         1.061649e-03     -2.358527e-02     -1.077321e-16
      69         1.143420e-03     -2.332803e-02     -1.068904e-16
      70         1.143420e-03     -2.332803e-02     -1.069419e-16
      71         1.225202e-03     -2.276006e-02     -1.029863e-16
      72         1.225202e-03     -2.525731e-02     -1.029863e-16
      73         1.225202e-03     -2.525731e-02     -1.029862e-16
      74         1.225202e-03     -2.276006e-02     -1.029862e-16
      75        -7.559469e-04     -2.268587e-02      8.987614e-03
      76        -7.559469e-04     -2.268587e-02     -8.987614e-03
      77         1.302277e-03     -2.231678e-02     -9.797466e-17
      78         1.302277e-03     -2.231678e-02     -9.793947e-17
      79         1.379340e-03     -2.155669e-02     -9.387268e-17
      80         1.379340e-03     -2.155669e-02     -9.388526e-17
      81         1.456415e-03     -2.050488e-02     -8.685248e-17
      82         1.456415e-03     -2.299509e-02     -8.685249e-17
      83         1.456415e-03     -2.299509e-02     -8.685249e-17
      84         1.456415e-03     -2.050488e-02     -8.685249e-17
      85        -2.392166e-03     -2.043603e-02      8.955953e-03
      86        -2.392166e-03     -2.043603e-02     -8.955953e-03
      87         1.524070e-03     -1.959476e-02     -7.897300e-17
      88         1.524070e-03     -1.959476e-02     -7.894904e-17
      89         1.591716e-03     -1.837389e-02     -7.229431e-17
      90         1.591716e-03     -1.837389e-02     -7.230685e-17
      91         1.659372e-03     -1.687172e-02     -6.298867e-17
      92         1.659372e-03     -1.933484e-02     -6.298888e-17
      93         1.659372e-03     -1.933484e-02     -6.298909e-17
      94         1.659372e-03     -1.687172e-02     -6.298930e-17
      95        -3.829045e-03     -1.681219e-02      8.834010e-03
      96        -3.829045e-03     -1.681219e-02     -8.834010e-03
      97         1.712916e-03     -1.551085e-02     -5.322019e-17
      98         1.712916e-03     -1.551085e-02     -5.322161e-17
      99         1.766453e-03     -1.387197e-02     -4.512874e-17
     100         1.766453e-03     -1.387197e-02     -4.517910e-17
     101         1.819998e-03     -1.205488e-02     -3.484937e-17
     102         1.819998e-03     -1.441530e-02     -3.484944e-17
     103         1.819998e-03     -1.441530e-02     -3.484950e-17
     104         1.819998e-03     -1.205488e-02     -3.484957e-17
     105        -4.967599e-03     -1.200658e-02      8.371867e-03
     106        -4.967599e-03     -1.200658e-02     -8.371867e-03
     107         1.854628e-03     -1.051473e-02     -2.469331e-17
     108         1.854628e-03     -1.051473e-02     -2.467452e-17
     109         1.889253e-03     -8.647604e-03     -1.698250e-17
     110         1.889253e-03     -8.647604e-03     -1.704380e-17
     111         1.923883e-03     -6.298000e-03     -7.868336e-18
     112         1.923883e-03     -8.269639e-03     -7.868212e-18
     113         1.923883e-03     -8.269639e-03     -7.868088e-18
     114         1.923883e-03     -6.298000e-03     -7.867964e-18
     115        -5.705463e-03     -6.269667e-03      6.622375e-03
     116        -5.705463e-03     -6.269667e-03     -6.622375e-03
     117         1.935834e-03     -3.737655e-03     -8.962531e-19
     118         1.935834e-03     -3.737655e-03     -8.013856e-19
     119         1.947783e-03     -1.243301e-03      4.260556e-19
     120         1.947783e-03     -1.243301e-03      4.734516e-19
     121         1.959734e-03      0.000000e+00      0.000000e+00
     122         1.959734e-03      0.000000e+00      0.000000e+00
     123         1.959734e-03      0.000000e+00      0.000000e+00
     124         1.959734e-03      0.000000e+00      0.000000e+00
     125        -5.944982e-03     -7.103577e-05      0.000000e+00
     126        -5.944982e-03     -7.103577e-05      0.000000e+00

 S O L U T I O N   T I M E   L O G (SEC)

     TOTAL TIME . . . . . . . . . . . . . . . . . . =       0.01
