
 C O N T R O L   I N F O R M A T I O N

      NUMBER OF NODAL POINTS . . . . . . . . . . (NUMNP)  =          5
      NUMBER OF ELEMENT GROUPS . . . . . . . . . (NUMEG)  =          2
      NUMBER OF LOAD CASES . . . . . . . . . . . (NLCASE) =          1
      SOLUTION MODE  . . . . . . . . . . . . . . (MODEX)  =          1
         EQ.0, DATA CHECK
         EQ.1, EXECUTION

 N O D A L   P O I N T   D A T A

       NODE          BOUNDARY                         NODAL POINT
      NUMBER     CONDITION  CODES                     COORDINATES
                    X    Y    Z               X            Y            Z
         1          1    1    1              0.000        0.000        0.000
         2          0    0    0              0.000        4.000        0.000
         3          0    0    0              2.000        4.000        0.000
         4          0    0    0              4.000        4.000        0.000
         5          1    1    1              0.000        6.000        0.000


 EQUATION NUMBERS

        NODE         DEGREES OF FREEDOM
       NUMBER
          N                  X         Y         Z
          1                  0         0         0
          2                  1         2         3
          3                  7         8         9
          4                 13        14        15
          5                  0         0         0


 L O A D   C A S E   D A T A

     LOAD CASE NUMBER . . . . . . . =          1
     NUMBER OF CONCENTRATED LOADS . =          1

        NODE       DIRECTION      LOAD
       NUMBER                   MAGNITUDE
         4            2       -1.00000e+04


 E L E M E N T   G R O U P   D A T A


 E L E M E N T   D E F I N I T I O N

 ELEMENT TYPE  . . . . . . . . . . . . .( NPAR(1) ) . . =          3
     EQ.1, TRUSS ELEMENTS
     EQ.2, PLANE STRESS ELEMENTS
     EQ.3, BEAM ELEMENTS
 NUMBER OF ELEMENTS. . . . . . . . . . .( NPAR(2) ) . . =          3

 M A T E R I A L   D E F I N I T I O N

 NUMBER OF DIFFERENT SETS OF MATERIAL
 AND CROSS-SECTIONAL  CONSTANTS  . . . .( NPAR(3) ) . . =          1
  SET       YOUNG'S       SHEAR        CROSS-SECT      INERTIA-Y      INERTIA-Z
 NUMBER     MODULUS       MODULUS         AREA            Iy             Iz
    1     2.000e+11    8.000e+10    1.000e-02    1.000e-04    5.000e-05


 E L E M E N T   I N F O R M A T I O N

      ELEMENT          NODE          NODE       MATERIAL
      NUMBER-N           I             J       SET NUMBER
         1               1             2           1
         2               2             3           1
         3               3             4           1


 E L E M E N T   D E F I N I T I O N

 ELEMENT TYPE  . . . . . . . . . . . . .( NPAR(1) ) . . =          1
     EQ.1, TRUSS ELEMENTS
     EQ.2, PLANE STRESS ELEMENTS
     EQ.3, BEAM ELEMENTS
 NUMBER OF ELEMENTS. . . . . . . . . . .( NPAR(2) ) . . =          1

 M A T E R I A L   D E F I N I T I O N

 NUMBER OF DIFFERENT SETS OF MATERIAL
 AND CROSS-SECTIONAL  CONSTANTS  . . . .( NPAR(3) ) . . =          1
  SET       YOUNG'S     CROSS-SECTIONAL
 NUMBER     MODULUS          AREA
               E              A
    1     2.00000e+11    1.000000e-03


 E L E M E N T   I N F O R M A T I O N

      ELEMENT          NODE          NODE       MATERIAL
      NUMBER-N           I             J       SET NUMBER
         1               5             3           1


  TOTAL SYSTEM DATA

     NUMBER OF EQUATIONS . . . . . . . . . . . . . .(NEQ) =         18
     NUMBER OF MATRIX ELEMENTS . . . . . . . . . . .(NWK) =         72
     MAXIMUM HALF BANDWIDTH  . . . . . . . . . . . .(MK ) =         10
     MEAN HALF BANDWIDTH . . . . . . . . . . . . . .(MM ) =          4


 LOAD CASE   1

 D I S P L A C E M E N T S

       NODE           X-DISPLACEMENT    Y-DISPLACEMENT    Z-DISPLACEMENT
          1              0.000000e+00      0.000000e+00      0.000000e+00
          2             -3.426061e-03     -1.021753e-06      0.000000e+00
          3             -3.435550e-03     -3.703943e-03      0.000000e+00
          4             -3.435550e-03     -1.077426e-02      0.000000e+00
          5              0.000000e+00      0.000000e+00      0.000000e+00


  S T R E S S  C A L C U L A T I O N S  F O R  E L E M E N T  G R O U P    1

       ELEMENT             AXIAL            SHEAR-Y        SHEAR-Z        TORSION        MOMENT-Y       MOMENT-Z
       NUMBER              FORCE
          1         -5.1088e+02    -9.4891e+03     0.0000e+00     0.0000e+00     0.0000e+00     2.1022e+04
          2         -9.4891e+03     0.0000e+00     5.1088e+02     0.0000e+00    -2.0000e+04     0.0000e+00
          3         -4.6566e-10     0.0000e+00     1.0000e+04     0.0000e+00    -2.9104e-11     0.0000e+00


  S T R E S S  C A L C U L A T I O N S  F O R  E L E M E N T  G R O U P    2

       ELEMENT             FORCE            STRESS
       NUMBER
          1            1.341965e+04     1.341965e+07


 S O L U T I O N   T I M E   L O G   I N   S E C

     TIME FOR INPUT PHASE  . . . . . . . . . . . . . . =         0.02
     TIME FOR CALCULATION OF STIFFNESS MATRIX  . . . . =         0.06
     TIME FOR FACTORIZATION AND LOAD CASE SOLUTIONS  . =         0.01
     TIME FOR STRESS CALCULATIONS  . . . . . . . . . . =         0.01

      T O T A L   S O L U T I O N   T I M E  . . . . . =         0.12
