
 compute work3 : (a) 

 C O N T R O L   I N F O R M A T I O N

      NUMBER OF NODAL POINTS . . . . . . . . . . (NUMNP)  =          8 
      NUMBER OF ELEMENT GROUPS . . . . . . . . . (NUMEG)  =          1 
      NUMBER OF LOAD CASES . . . . . . . . . . . (NLCASE) =          1 
      SOLUTION MODE  . . . . . . . . . . . . . . (MODEX)  =          1 
         EQ.0, DATA CHECK 
         EQ.1, EXECUTION


 N O D A L   P O I N T   D A T A 

       NODE          BOUNDARY                         NODAL POINT
      NUMBER     CONDITION  CODES                     COORDINATES
                    X    Y    Z               X            Y            Z
         1          1    1    1              0.000        0.000        0.000
         2          1    1    1              0.000       10.000        0.000
         3          0    0    1             10.000       10.000        0.000
         4          0    0    1             10.000        0.000        0.000
         5          0    0    1             20.000        0.000        0.000
         6          0    0    1             20.000       10.000        0.000
         7          0    0    1             30.000       10.000        0.000
         8          0    0    1             30.000        0.000        0.000


 EQUATION NUMBERS

        NODE         DEGREES OF FREEDOM
       NUMBER
          N                  X         Y         Z
          1                  0         0         0
          2                  0         0         0
          3                  1         2         0
          4                  3         4         0
          5                  5         6         0
          6                  7         8         0
          7                  9        10         0
          8                 11        12         0


 L O A D   C A S E   D A T A

     LOAD CASE NUMBER . . . . . . . =          1
     NUMBER OF CONCENTRATED LOADS . =          1


        NODE       DIRECTION      LOAD
       NUMBER                   MAGNITUDE
         7            2       -1.00000e+00

 E L E M E N T   G R O U P   D A T A


 E L E M E N T   D E F I N I T I O N

 ELEMENT TYPE  . . . . . . . . . . . . .( NPAR(1) ) . . =          1
     EQ.1, TRUSS ELEMENTS
     EQ.2, ELEMENTS CURRENTLY
     EQ.3, NOT AVAILABLE
 NUMBER OF ELEMENTS. . . . . . . . . . .( NPAR(2) ) . . =         16

 M A T E R I A L   D E F I N I T I O N

 NUMBER OF DIFFERENT SETS OF MATERIAL
 AND CROSS-SECTIONAL  CONSTANTS  . . . .( NPAR(3) ) . . =          1
  SET       YOUNG'S     CROSS-SECTIONAL
 NUMBER     MODULUS          AREA
               E              A
    1     2.00000e+05    1.000000e+00


 E L E M E N T   I N F O R M A T I O N

      ELEMENT          NODE          NODE       MATERIAL
      NUMBER-N           I             J       SET NUMBER
         1               1             4           1
         2               1             2           1
         3               2             3           1
         4               3             4           1
         5               4             5           1
         6               5             6           1
         7               3             6           1
         8               6             7           1
         9               7             8           1
        10               5             8           1
        11               2             4           1
        12               1             3           1
        13               3             5           1
        14               4             6           1
        15               6             8           1
        16               5             7           1


  TOTAL SYSTEM DATA

     NUMBER OF EQUATIONS . . . . . . . . . . . . . .(NEQ) =         12
     NUMBER OF MATRIX ELEMENTS . . . . . . . . . . .(NWK) =         62
     MAXIMUM HALF BANDWIDTH  . . . . . . . . . . . .(MK ) =          8
     MEAN HALF BANDWIDTH . . . . . . . . . . . . . .(MM ) =          5


 LOAD CASE   1

 D I S P L A C E M E N T S

       NODE           X-DISPLACEMENT    Y-DISPLACEMENT    Z-DISPLACEMENT
          1              0.000000e+00      0.000000e+00      0.000000e+00
          2              0.000000e+00      0.000000e+00      0.000000e+00
          3              1.250317e-04     -1.958320e-04      0.000000e+00
          4             -1.249683e-04     -1.955894e-04      0.000000e+00
          5             -2.002426e-04     -5.925928e-04      0.000000e+00
          6              1.997574e-04     -5.902499e-04      0.000000e+00
          7              2.273746e-04     -1.098323e-03      0.000000e+00
          8             -2.226254e-04     -1.075941e-03      0.000000e+00


  S T R E S S  C A L C U L A T I O N S  F O R  E L E M E N T  G R O U P    1

       ELEMENT             FORCE            STRESS
       NUMBER
          1           -2.499366e+00    -2.499366e+00
          2            0.000000e+00     0.000000e+00
          3            2.500634e+00     2.500634e+00
          4           -4.852377e-03    -4.852377e-03
          5           -1.505486e+00    -1.505486e+00
          6            4.685869e-02     4.685869e-02
          7            1.494514e+00     1.494514e+00
          8            5.523448e-01     5.523448e-01
          9           -4.476552e-01    -4.476552e-01
         10           -4.476552e-01    -4.476552e-01
         11            7.062106e-01     7.062106e-01
         12           -7.080030e-01    -7.080030e-01
         13            7.148653e-01     7.148653e-01
         14           -6.993483e-01    -6.993483e-01
         15            6.330801e-01     6.330801e-01
         16           -7.811335e-01    -7.811335e-01


 S O L U T I O N   T I M E   L O G   I N   S E C

     TIME FOR INPUT PHASE  . . . . . . . . . . . . . . =         0.00
     TIME FOR CALCULATION OF STIFFNESS MATRIX  . . . . =         0.00
     TIME FOR FACTORIZATION OF STIFFNESS MATRIX  . . . =         0.00
     TIME FOR LOAD CASE SOLUTIONS  . . . . . . . . . . =         0.00

      T O T A L   S O L U T I O N   T I M E  . . . . . =         0.00
