 C O N T R O L   I N F O R M A T I O N

      NUMBER OF NODAL POINTS . . . . . . . (NUMNP)  =        845
      NUMBER OF ELEMENT GROUPS . . . . . . (NUMEG)  =          1
      NUMBER OF LOAD CASES . . . . . . . . (NLCASE) =          1
      SOLUTION MODE  . . . . . . . . . . . (MODEX)  =          1


 D I S P L A C E M E N T S (Final State)

    NODE           X-DISPLACEMENT    Y-DISPLACEMENT    Z-DISPLACEMENT
       1         0.000000e+00      0.000000e+00      0.000000e+00
       2         0.000000e+00      0.000000e+00      0.000000e+00
       3         5.663165e-06      1.959049e-06     -6.678520e-09
       4         0.000000e+00      0.000000e+00      0.000000e+00
       5         0.000000e+00      0.000000e+00      0.000000e+00
       6         0.000000e+00      0.000000e+00      0.000000e+00
       7         0.000000e+00      0.000000e+00      0.000000e+00
       8        -3.997262e-06      4.253454e-06      1.322199e-06
       9        -2.039136e-06      4.727006e-06      1.134227e-06
      10         0.000000e+00      0.000000e+00      0.000000e+00
      11         0.000000e+00      0.000000e+00      0.000000e+00
      12         5.654926e-06     -1.781160e-06     -2.219898e-07
      13         0.000000e+00      0.000000e+00      0.000000e+00
      14         0.000000e+00      0.000000e+00      0.000000e+00
      15        -3.989670e-06     -4.071761e-06      1.629302e-06
      16         0.000000e+00      0.000000e+00      0.000000e+00
      17        -1.541785e-06     -4.957981e-06      1.367693e-06
      18        -2.373229e-06     -3.772917e-07      2.144853e-06
      19         0.000000e+00      0.000000e+00      0.000000e+00
      20         0.000000e+00      0.000000e+00      0.000000e+00
      21         0.000000e+00      0.000000e+00      0.000000e+00
      22        -4.438193e-06      1.857678e-06      1.893684e-06
      23        -4.541058e-06     -2.085516e-06      1.861385e-06
      24        -5.998487e-06     -1.884863e-08      2.234033e-06
      25         0.000000e+00      0.000000e+00      0.000000e+00
      26         0.000000e+00      0.000000e+00      0.000000e+00
      27         1.060679e-06      1.800092e-06      1.438398e-06
      28         2.094810e-06      5.796084e-06     -8.841443e-08
      29         4.976081e-06      4.624328e-06     -2.406960e-07
      30         0.000000e+00      0.000000e+00      0.000000e+00
      31         0.000000e+00      0.000000e+00      0.000000e+00
      32         0.000000e+00      0.000000e+00      0.000000e+00
      33        -2.190178e-06     -6.429566e-06      2.659961e-06
      34        -1.595330e-06     -2.703360e-06      2.340496e-06
      35        -9.467148e-07      4.833649e-07      2.912555e-06
      36         0.000000e+00      0.000000e+00      0.000000e+00
      37         0.000000e+00      0.000000e+00      0.000000e+00
      38         0.000000e+00      0.000000e+00      0.000000e+00
      39         0.000000e+00      0.000000e+00      0.000000e+00
      40         0.000000e+00      0.000000e+00      0.000000e+00
      41         3.346791e-07      7.136603e-06      8.800709e-07
      42         9.315734e-07      4.055336e-06      1.919419e-06
      43         3.331121e-06      1.587262e-06      1.658178e-06
      44         7.348796e-06     -1.098549e-07      2.819488e-07
      45         3.284260e-06     -1.861281e-06      1.861660e-06
      46         0.000000e+00      0.000000e+00      0.000000e+00
      47         0.000000e+00      0.000000e+00      0.000000e+00
      48         3.424703e-07     -6.377844e-06      1.733108e-06
      49         0.000000e+00      0.000000e+00      0.000000e+00
      50         2.110033e-06     -5.083242e-06      8.101167e-07
      51         4.496088e-06     -4.600623e-06      4.091366e-07
      52         7.975104e-06      3.941386e-06     -3.635647e-07
      53         4.332116e-06      7.292085e-06      2.935944e-07
      54        -2.186641e-06      3.670781e-06      2.547806e-06
      55        -2.536464e-06      6.764999e-06      2.403775e-06
      56        -5.567751e-06      3.127706e-06      3.460805e-06
      57        -3.409806e-06      5.550464e-06      3.619411e-06
      58         8.355843e-06     -3.403577e-06     -1.393813e-07
      59        -5.448522e-06     -3.188554e-06      3.441233e-06
      60         9.880591e-06      2.130202e-07     -7.775464e-07
      61         7.938488e-06      2.608167e-07      5.757370e-08
      62         1.037025e-05     -2.735178e-06     -1.112320e-06
      63        -5.840420e-06      2.036398e-07      4.117046e-06
      64        -3.477751e-06      2.553259e-07      4.154844e-06
      65        -2.620209e-06      8.906300e-08      3.501741e-06
      66         1.504567e-06      8.018529e-06      1.391628e-06
      67         1.348574e-06      4.697166e-06      2.176377e-06
      68         3.910900e-07     -4.312880e-06      2.743360e-06
      69         1.414260e-06     -7.506066e-06      1.953593e-06
      70         5.454883e-06     -7.217686e-06      9.038609e-07
      71         3.344184e-06     -7.485483e-06      2.188875e-06
      72        -2.756792e-07     -6.795854e-06      3.389448e-06
      73        -3.220500e-06     -4.971857e-06      4.001571e-06
      74         8.132071e-07      1.653067e-06      2.825745e-06
      75         8.218197e-07     -1.698381e-06      2.343433e-06
      76         4.958376e-06      3.564049e-06      1.145066e-06
      77         7.797268e-06      6.235010e-06     -4.573839e-07
      78         4.642276e-06      4.048087e-08      1.720492e-06
      79         3.671705e-06     -4.345402e-06      1.642140e-06
      80         4.355022e-06     -6.763267e-06      7.941659e-07
      81         7.862582e-06     -5.559913e-06     -1.129399e-07
      82         1.035268e-05      3.428907e-06     -1.306646e-06
      83         1.187523e-05      3.914818e-07     -1.874253e-06
      84         5.518165e-06      7.955360e-06      3.245776e-07
      85        -3.323529e-07      7.542638e-06      2.861905e-06
      86        -4.320811e-06      3.034721e-06      4.828124e-06
      87        -4.307773e-06     -2.349117e-06      4.981445e-06
      88        -3.918209e-06      4.378418e-07      5.728595e-06
      89         3.408665e-06      8.341906e-06      1.574940e-06
      90        -3.836595e-07      3.189121e-07      4.307604e-06
      91         4.323631e-06      4.458640e-06      1.848838e-06
      92         8.779111e-06      5.821363e-07     -2.618491e-07
      93         1.263392e-05     -2.660560e-06     -2.170699e-06
      94         9.675124e-06     -5.310248e-06     -7.864831e-07
      95         1.986098e-06     -6.560264e-06      3.869586e-06
      96        -1.563515e-06     -4.992091e-06      4.895799e-06
      97         4.062580e-06     -4.035825e-06      2.142306e-06
      98         7.859827e-06     -6.951764e-06      4.630586e-07
      99         5.983621e-06     -7.280045e-06      2.220805e-06
     100        -5.621701e-07      2.825915e-06      3.270841e-06
     101        -1.691743e-06      5.743705e-06      4.588276e-06
     102         5.113383e-06     -2.285902e-06      1.259681e-06
     103        -2.353532e-07     -2.069048e-06      3.408474e-06
     104         5.388074e-06      2.799616e-06      1.001515e-06
     105         9.469150e-06      6.379086e-06     -1.091309e-06
     106         1.616543e-06      2.399489e-07      2.560250e-06
     107         1.260381e-05      3.665794e-06     -2.392688e-06
     108         1.435838e-05      5.981875e-07     -3.067527e-06
     109         7.999661e-06      7.998316e-06     -6.297029e-08
     110         1.941831e-06      7.659485e-06      3.336872e-06
     111        -1.921320e-06      3.369721e-06      5.985393e-06
     112        -2.004295e-06     -2.257646e-06      6.221155e-06
     113        -1.368015e-06      6.466521e-07      6.849933e-06
     114         6.028271e-06      8.458375e-06      1.526911e-06
     115         1.086371e-05     -6.803338e-06      1.462807e-08
     116         1.221401e-05     -5.279899e-06     -1.541064e-06
     117         9.870993e-06     -2.982546e-06      9.305227e-07
     118         9.255689e-06     -7.087593e-06      2.100048e-06
     119         5.104328e-06     -6.469258e-06      4.168096e-06
     120         1.166884e-06     -4.571371e-06      5.722596e-06
     121         5.082516e-06     -3.015199e-06      2.959733e-06
     122         2.909581e-06      2.007475e-06      4.177991e-06
     123         1.276999e-06      5.987261e-06      5.300382e-06
     124         7.939700e-06      4.328981e-06      8.391646e-07
     125         1.241841e-05      6.364536e-06     -1.954907e-06
     126         1.563345e-05     -2.303124e-06     -3.321469e-06
     127         1.024816e-05     -8.643181e-07     -3.780043e-07
     128         5.044341e-06      5.393015e-07      1.959093e-06
     129         1.562831e-05      3.833532e-06     -3.397029e-06
     130         1.210727e-05      2.234345e-06     -8.214764e-07
     131         1.761894e-05      7.330556e-07     -4.185876e-06
     132         1.079533e-05      8.150683e-06     -4.688429e-07
     133         1.558159e-05      6.645791e-06     -2.751043e-06
     134         6.921228e-06      4.308600e-06      2.765544e-06
     135         4.978445e-06      7.743643e-06      3.701559e-06
     136         1.011073e-06      3.408949e-06      7.026631e-06
     137         4.489231e-06      6.007328e-06      6.149556e-06
     138         4.833751e-06     -6.968672e-07      4.528122e-06
     139         1.094901e-06     -2.040636e-06      7.125977e-06
     140         4.698625e-06     -4.610313e-06      6.377212e-06
     141         1.933328e-06      7.942836e-07      7.848975e-06
     142         1.576677e-05     -4.906172e-06     -2.510047e-06
     143         9.286858e-06      8.606763e-06      1.555256e-06
     144         1.897743e-05      4.075380e-06     -4.377225e-06
     145         1.459547e-05     -6.497024e-06     -5.907646e-07
     146         8.757940e-06     -6.321144e-06      4.476210e-06
     147         1.126159e-05     -3.101682e-06      1.949749e-06
     148         1.313781e-05     -6.912464e-06      2.056925e-06
     149         1.534414e-05      8.233881e-07     -1.450779e-06
     150         2.137091e-05      8.983006e-07     -5.169132e-06
     151         1.919608e-05     -2.141629e-06     -4.297598e-06
     152         8.735392e-06      7.320933e-07      1.840418e-06
     153         1.947690e-05      6.760157e-06     -3.391932e-06
     154         8.414739e-06      7.928420e-06      4.188034e-06
     155         1.125589e-05      4.766538e-06      1.637063e-06
     156         1.441278e-05      8.303089e-06     -9.016857e-07
     157         7.480335e-06      8.769860e-07      5.045634e-06
     158         8.419807e-06      6.203355e-06      6.667115e-06
     159         4.574043e-06      3.549048e-06      7.899942e-06
     160         4.560543e-06     -2.070710e-06      7.953225e-06
     161         8.558648e-06     -4.455193e-06      6.858078e-06
     162         5.704395e-06      9.387191e-07      8.713754e-06
     163         1.963655e-05     -4.719714e-06     -3.134327e-06
     164         1.317619e-05      8.750097e-06      1.488453e-06
     165         1.936708e-05      1.001920e-06     -1.945065e-06
     166         2.318579e-05      4.246830e-06     -5.264764e-06
     167         2.391312e-05      6.867410e-06     -4.018093e-06
     168         2.330247e-05     -1.964206e-06     -5.185380e-06
     169         2.570046e-05      1.054407e-06     -6.161438e-06
     170         1.291485e-05     -6.129615e-06      4.686907e-06
     171         1.535525e-05     -2.895106e-06      1.881787e-06
     172         1.748315e-05     -6.742528e-06      1.954108e-06
     173         1.875813e-05     -6.381210e-06     -9.404339e-07
     174         1.331225e-05      9.255500e-07      1.730307e-06
     175         1.539897e-05      4.905868e-06      1.589661e-06
     176         1.268445e-05      8.030151e-06      4.407559e-06
     177         1.858372e-05      8.459580e-06     -1.238648e-06
     178         1.286337e-05      6.405068e-06      7.083539e-06
     179         8.711928e-06      3.680072e-06      8.656982e-06
     180         1.155530e-05      9.932136e-07      5.417101e-06
     181         8.761719e-06     -1.850006e-06      8.710530e-06
     182         1.286841e-05     -4.256379e-06      7.396290e-06
     183         1.004643e-05      1.083718e-06      9.566985e-06
     184         2.397855e-05     -4.618168e-06     -3.687152e-06
     185         1.752854e-05      8.906110e-06      1.449741e-06
     186         2.779991e-05      4.252837e-06     -6.072855e-06
     187         2.344863e-05     -3.107093e-07     -2.086116e-06
     188         2.801268e-05     -1.806719e-06     -6.028105e-06
     189         3.052058e-05      1.190207e-06     -7.012840e-06
     190         2.326592e-05     -6.183580e-06     -1.244527e-06
     191         1.832822e-05     -2.464169e-06      3.278463e-06
     192         2.227968e-05     -6.595521e-06      1.934905e-06
     193         1.753850e-05     -5.967536e-06      4.907125e-06
     194         2.116190e-05      4.831226e-06      7.564676e-08
     195         2.318046e-05      8.609893e-06     -1.583960e-06
     196         2.876127e-05      7.022514e-06     -4.663569e-06
     197         1.900429e-05      1.126140e-06      1.682220e-06
     198         1.731999e-05      8.295869e-06      4.578207e-06
     199         1.613654e-05      2.517851e-06      5.454122e-06
     200         2.143766e-05      4.846087e-06      3.166571e-06
     201         1.771981e-05      6.585014e-06      7.669458e-06
     202         1.333868e-05      3.863199e-06      9.371503e-06
     203         1.330338e-05     -1.709659e-06      9.404014e-06
     204         1.778118e-05     -4.152489e-06      7.902932e-06
     205         1.482736e-05      1.218423e-06      1.028888e-05
     206         2.888261e-05     -4.409804e-06     -4.436055e-06
     207         2.232120e-05      9.060004e-06      1.380756e-06
     208         2.658223e-05      2.754639e-06     -2.404683e-06
     209         3.291281e-05      4.341691e-06     -6.954678e-06
     210         3.299351e-05     -1.604081e-06     -6.767736e-06
     211         3.572055e-05      1.375949e-06     -7.758538e-06
     212         2.829997e-05     -6.069478e-06     -1.560888e-06
     213         2.592915e-05     -2.578106e-06      4.742874e-08
     214         2.755607e-05     -6.452975e-06      1.825945e-06
     215         2.020425e-05     -1.076644e-06      5.621530e-06
     216         2.260882e-05     -5.881829e-06      5.122301e-06
     217         2.306801e-05     -3.949710e-06      8.450400e-06
     218         2.695644e-05      5.000538e-06     -1.324229e-07
     219         3.422613e-05      7.068111e-06     -5.311323e-06
     220         2.828629e-05      8.763958e-06     -1.895601e-06
     221         2.516076e-05      1.512862e-06      1.699899e-06
     222         2.246451e-05      8.481251e-06      4.772625e-06
     223         2.179366e-05      3.245102e-06      6.434780e-06
     224         2.314457e-05      6.794516e-06      8.091078e-06
     225         1.845830e-05      4.013843e-06      9.983076e-06
     226         1.835955e-05     -1.491945e-06      1.014988e-05
     227         2.007879e-05      1.405916e-06      1.097873e-05
     228         3.413929e-05     -4.318599e-06     -4.932170e-06
     229         3.006876e-05     -4.031154e-06      6.295953e-07
     230         3.480706e-05      4.769127e-06     -3.425843e-06
     231         3.836399e-05      4.635073e-06     -7.525857e-06
     232         2.759728e-05      9.201916e-06      1.290356e-06
     233         3.403044e-05      8.775583e-06     -2.491853e-06
     234         3.982215e-05      7.328340e-06     -5.703519e-06
     235         3.396928e-05     -5.871003e-06     -2.054597e-06
     236         3.463254e-05     -3.260819e-06     -1.862038e-06
     237         2.791630e-05     -5.633051e-06      5.562502e-06
     238         3.320918e-05     -6.326438e-06      1.752869e-06
     239         2.764323e-05      5.070437e-06      5.487974e-06
     240         2.784326e-05      8.550398e-06      5.165994e-06
     241         2.397111e-05      4.424069e-06      1.047179e-05
     242         2.878093e-05      6.821906e-06      8.664134e-06
     243         4.422562e-05      4.678536e-06     -8.186028e-06
     244         3.254097e-05      9.303884e-07     -2.148566e-06
     245         3.840625e-05     -1.698897e-06     -7.371390e-06
     246         4.137256e-05      1.504384e-06     -8.467025e-06
     247         2.716452e-05     -9.368725e-07      4.395284e-06
     248         2.393081e-05     -1.484159e-06      1.060183e-05
     249         2.893658e-05     -3.961105e-06      8.676513e-06
     250         2.985111e-05      4.468886e-06      1.891902e-06
     251         2.707081e-05      1.733419e-06      6.430404e-06
     252         2.569516e-05      1.542636e-06      1.157192e-05
     253         3.971776e-05      9.468873e-07     -4.547107e-06
     254         4.003873e-05     -4.025030e-06     -5.645609e-06
     255         4.736225e-05      1.636727e-06     -9.151770e-06
     256         4.438903e-05     -1.311999e-06     -8.148320e-06
     257         3.506650e-05     -2.366038e-06      1.631466e-06
     258         3.835565e-05      4.423483e-06     -2.115903e-06
     259         3.326029e-05      9.352625e-06      1.287327e-06
     260         3.970293e-05      8.995349e-06     -2.465318e-06
     261         4.607026e-05      7.373507e-06     -6.215522e-06
     262         3.976849e-05     -5.737791e-06     -2.280273e-06
     263         3.405160e-05     -5.613911e-06      5.410426e-06
     264         3.924242e-05     -6.190949e-06      1.708884e-06
     265         3.280482e-05      4.243756e-06      5.103660e-06
     266         3.382781e-05      8.752461e-06      5.254142e-06
     267         3.221954e-05     -2.247852e-07      7.440269e-06
     268         2.978425e-05     -1.254061e-06      1.116491e-05
     269         3.506490e-05     -3.767934e-06      9.121449e-06
     270         2.978594e-05      4.334792e-06      1.110486e-05
     271         3.502067e-05      7.065063e-06      8.925360e-06
     272         3.169185e-05      1.690614e-06      1.209764e-05
     273         3.600250e-05     -1.230221e-06      1.155289e-05
     274         4.683269e-05      3.386643e-06     -3.852644e-06
     275         5.044776e-05      4.883468e-06     -8.702484e-06
     276         5.364640e-05      1.764495e-06     -9.723933e-06
     277         5.055284e-05     -1.157542e-06     -8.715174e-06
     278         3.687814e-05      1.776958e-06      1.711636e-06
     279         4.264871e-05     -9.860984e-07     -3.158378e-06
     280         4.615121e-05     -3.959369e-06     -6.051886e-06
     281         3.856163e-05     -1.974146e-06      3.462975e-06
     282         4.138221e-05      5.333288e-06     -5.417497e-07
     283         3.928921e-05      9.471134e-06      1.207750e-06
     284         4.589584e-05      9.111995e-06     -2.692682e-06
     285         3.635875e-05      3.067038e-06      6.390010e-06
     286         5.693062e-05      4.945559e-06     -9.192970e-06
     287         5.240954e-05      7.573417e-06     -6.488647e-06
     288         4.535647e-05     -2.264304e-06     -9.014283e-07
     289         4.611947e-05     -5.591324e-06     -2.650456e-06
     290         4.025523e-05     -5.513057e-06      5.545610e-06
     291         4.558838e-05     -6.050942e-06      1.596887e-06
     292         4.000954e-05      8.847367e-06      5.500478e-06
     293         4.201401e-05      5.373125e-06      3.568465e-06
     294         4.136443e-05      7.105884e-06      9.359572e-06
     295         4.562001e-05      9.613968e-06      1.194257e-06
     296         4.010528e-05      1.538384e-07      6.492902e-06
     297         4.160752e-05     -3.755802e-06      9.260242e-06
     298         3.594006e-05      4.486261e-06      1.156460e-05
     299         3.799459e-05      1.794303e-06      1.252757e-05
     300         5.269859e-05     -3.703601e-06     -6.600776e-06
     301         5.260058e-05     -5.441394e-06     -2.855040e-06
     302         4.247282e-05     -1.105131e-06      1.193267e-05
     303         4.655922e-05      9.015167e-06      5.588749e-06
     304         5.239885e-05      9.224072e-06     -2.884664e-06
     305         5.222589e-05      9.735681e-06      1.130395e-06
     306         4.943488e-05      5.613825e-06     -2.462716e-08
     307         5.704692e-05     -1.030694e-06     -9.188764e-06
     308         6.021224e-05      1.884142e-06     -1.020972e-05
     309         5.319770e-05      7.110489e-07     -4.329995e-06
     310         4.676662e-05     -5.388952e-06      5.625966e-06
     311         4.769794e-05     -2.503461e-06      4.976853e-06
     312         4.813284e-05     -3.549512e-06      9.621031e-06
     313         5.219002e-05     -5.942787e-06      1.545516e-06
     314         4.436365e-05      1.756614e-06      1.414810e-06
     315         4.244604e-05      4.598875e-06      1.191483e-05
     316         4.585727e-05      4.314706e-06      7.646407e-06
     317         4.808892e-05      7.357466e-06      9.454116e-06
     318         4.454848e-05      1.919661e-06      1.287120e-05
     319         5.645712e-05      5.888246e-06     -3.999898e-06
     320         5.916433e-05      7.574690e-06     -6.985350e-06
     321         6.365541e-05      5.030818e-06     -9.616752e-06
     322         4.876545e-05     -1.749142e-06      1.122883e-06
     323         4.480653e-05      1.825486e-06      6.353805e-06
     324         5.684034e-05     -1.658621e-06     -4.321341e-06
     325         5.922119e-05     -3.691399e-06     -6.802259e-06
     326         5.931767e-05     -5.320475e-06     -3.061306e-06
     327         6.376550e-05     -8.861536e-07     -9.614990e-06
     328         6.589936e-05      7.754860e-06     -7.108563e-06
     329         5.914856e-05      9.316712e-06     -3.077256e-06
     330         5.351920e-05     -5.295057e-06      5.672459e-06
     331         4.913467e-05      4.738948e-06      1.220004e-05
     332         5.337028e-05     -5.852366e-07      5.792175e-06
     333         4.919029e-05     -9.850027e-07      1.221185e-05
     334         5.508190e-05     -3.566886e-06      9.614605e-06
     335         5.132593e-05      2.037200e-06      1.313412e-05
     336         5.329446e-05      9.139329e-06      5.656666e-06
     337         5.395899e-05      5.333486e-06      4.977975e-06
     338         5.904195e-05      9.840346e-06      1.088199e-06
     339         5.483326e-05      7.382614e-06      9.780276e-06
     340         5.972529e-05      4.602771e-06     -3.287883e-06
     341         7.044399e-05      5.216175e-06     -9.864490e-06
     342         6.699106e-05      1.992207e-06     -1.058330e-05
     343         5.880910e-05     -1.674164e-06     -1.274045e-06
     344         5.899883e-05     -5.817873e-06      1.465788e-06
     345         5.235847e-05      1.804187e-06      1.113913e-06
     346         6.009387e-05      9.225134e-06      5.842509e-06
     347         6.615673e-05     -3.438595e-06     -7.260170e-06
     348         7.063906e-05     -7.838556e-07     -9.908892e-06
     349         6.627941e-05     -5.150687e-06     -3.372529e-06
     350         6.043677e-05     -5.193675e-06      5.710699e-06
     351         5.601012e-05      4.846410e-06      1.238429e-05
     352         6.606163e-05      9.429910e-06     -3.227700e-06
     353         6.717499e-05      2.067483e-06     -4.759216e-06
     354         7.287840e-05      7.849509e-06     -7.310205e-06
     355         7.392035e-05      2.099743e-06     -1.090395e-05
     356         7.753188e-05      5.256725e-06     -1.013795e-05
     357         6.323534e-05      5.995120e-06      1.131559e-06
     358         6.601726e-05      9.951462e-06      1.030724e-06
     359         6.180991e-05      7.504899e-06      9.861570e-06
     360         6.332486e-05     -1.808031e-06      9.541208e-07
     361         6.598049e-05     -5.713795e-06      1.397917e-06
     362         5.952865e-05     -4.109150e-07      8.313082e-06
     363         5.608233e-05     -9.744907e-07      1.234069e-05
     364         6.205153e-05     -3.478386e-06      9.721653e-06
     365         5.825630e-05      2.133733e-06      1.331068e-05
     366         5.863675e-05      2.501040e-06      6.848495e-06
     367         6.031017e-05      3.374242e-06      4.200632e-07
     368         6.721990e-05      9.380816e-06      5.783109e-06
     369         7.568536e-05      2.199981e-06     -6.624330e-06
     370         7.313340e-05     -3.310657e-06     -7.458010e-06
     371         7.764734e-05     -6.478248e-07     -1.015831e-05
     372         8.097807e-05      2.212474e-06     -1.112474e-05
     373         7.331713e-05     -5.060780e-06     -3.428463e-06
     374         6.990538e-05     -1.739546e-06      1.269582e-06
     375         6.648960e-05     -1.282221e-06      6.866675e-06
     376         6.309337e-05     -8.338904e-07      1.249485e-05
     377         6.748219e-05     -5.100705e-06      5.707782e-06
     378         7.306552e-05     -5.607935e-06      1.336021e-06
     379         6.914612e-05     -3.385119e-06      9.749925e-06
     380         8.464740e-05      5.361436e-06     -1.029508e-05
     381         6.704872e-05      3.912036e-06      7.303906e-06
     382         6.304392e-05      4.965788e-06      1.251575e-05
     383         6.890470e-05      7.641221e-06      9.920751e-06
     384         6.530244e-05      2.246964e-06      1.343145e-05
     385         7.309819e-05      9.519795e-06     -3.352876e-06
     386         7.370726e-05      5.034147e-06     -3.103549e-06
     387         7.310116e-05      1.005581e-05      9.663888e-07
     388         7.997316e-05      7.932327e-06     -7.479629e-06
     389         6.878045e-05      1.380415e-06      1.615364e-06
     390         8.023203e-05      9.611917e-06     -3.453062e-06
     391         7.667676e-05      6.195983e-06      1.036103e-06
     392         8.026451e-05      1.016315e-05      9.179905e-07
     393         7.436380e-05      9.489264e-06      5.784434e-06
     394         7.014132e-05      5.090094e-06      1.257277e-05
     395         8.244715e-05      3.842476e-06     -4.592755e-06
     396         8.022306e-05     -3.196610e-06     -7.631238e-06
     397         7.880556e-05      2.829441e-07     -4.945230e-06
     398         8.476394e-05     -5.288826e-07     -1.034068e-05
     399         8.809542e-05      2.316663e-06     -1.125816e-05
     400         8.047252e-05     -4.936321e-06     -3.550546e-06
     401         8.736826e-05     -3.067870e-06     -7.757384e-06
     402         7.665976e-05     -1.637569e-06      1.209484e-06
     403         7.604069e-05      7.753612e-06      9.913224e-06
     404         7.519530e-05      3.713754e-06      6.816362e-06
     405         7.097194e-05      3.125946e-07      7.310135e-06
     406         7.022311e-05     -7.476375e-07      1.253161e-05
     407         7.243233e-05      2.348058e-06      1.344375e-05
     408         7.461627e-05     -5.009301e-06      5.684783e-06
     409         8.023039e-05     -5.502216e-06      1.268007e-06
     410         8.710849e-05      8.022249e-06     -7.573381e-06
     411         7.628710e-05     -3.298595e-06      9.717987e-06
     412         9.176662e-05      5.533895e-06     -1.033516e-05
     413         9.524245e-05      2.414343e-06     -1.132556e-05
     414         8.024756e-05      2.332331e-06      1.091340e-06
     415         8.741025e-05      9.700059e-06     -3.513847e-06
     416         8.730992e-05      5.199814e-06     -3.293348e-06
     417         8.145230e-05      9.565301e-06      5.877583e-06
     418         8.744426e-05      1.026049e-05      8.608688e-07
     419         8.177260e-05      5.122852e-06      5.422527e-06
     420         7.728515e-05      5.203572e-06      1.254298e-05
     421         7.958116e-05      2.451105e-06      1.338434e-05
     422         8.328878e-05      7.927881e-06      9.769615e-06
     423         8.738545e-05     -3.363015e-07     -3.315399e-06
     424         9.190851e-05     -4.153379e-07     -1.043391e-05
     425         8.773805e-05     -4.782309e-06     -3.770900e-06
     426         9.451908e-05     -2.997030e-06     -7.738260e-06
     427         8.184697e-05     -4.159479e-07      5.403813e-06
     428         7.742011e-05     -7.508335e-07      1.244365e-05
     429         8.740944e-05     -5.403885e-06      1.195940e-06
     430         8.178656e-05     -4.921303e-06      5.623516e-06
     431         9.436553e-05      8.051302e-06     -7.691694e-06
     432         8.344056e-05     -3.177231e-06      9.730653e-06
     433         9.458209e-05      9.783690e-06     -3.554912e-06
     434         9.906117e-05     -3.074016e-07     -1.045839e-05
     435         9.891594e-05      5.546553e-06     -1.039148e-05
     436         1.023706e-04      2.508853e-06     -1.131991e-05
     437         9.566362e-05      2.481295e-06     -5.144547e-06
     438         8.681043e-05      2.994630e-06      3.150051e-06
     439         8.866230e-05      9.709585e-06      5.700287e-06
     440         9.461100e-05      1.035205e-05      8.089833e-07
     441         9.177147e-05      6.404016e-06      9.055128e-07
     442         8.449833e-05     -5.921739e-07      1.239050e-05
     443         8.763532e-05      2.256783e-06      6.974029e-06
     444         8.670501e-05      2.549227e-06      1.325819e-05
     445         8.443689e-05      5.318494e-06      1.243323e-05
     446         9.035668e-05      7.934786e-06      9.810314e-06
     447         9.481104e-05     -4.702652e-06     -3.714197e-06
     448         9.273151e-05     -1.408189e-06      2.977191e-07
     449         1.017854e-04     -2.787229e-06     -7.898469e-06
     450         9.457221e-05     -5.310104e-06      1.124726e-06
     451         9.945535e-05     -2.404128e-06      6.806570e-07
     452         8.896067e-05     -4.839551e-06      5.536148e-06
     453         9.608359e-05     -4.756749e-06      5.428164e-06
     454         1.014325e-04      8.228473e-06     -7.529741e-06
     455         1.024004e-04      2.565526e-06     -5.150616e-06
     456         9.070756e-05     -3.194947e-06      9.438480e-06
     457         9.172289e-05      6.033482e-07      8.142589e-06
     458         9.164955e-05     -6.057707e-07      1.214509e-05
     459         9.377794e-05      2.633218e-06      1.304593e-05
     460         9.154327e-05      5.413009e-06      1.227744e-05
     461         9.924971e-05      7.596523e-06      8.596814e-07
     462         9.570684e-05      9.773174e-06      5.735538e-06
     463         1.017073e-04      9.868049e-06     -3.576678e-06
     464         1.059799e-04      5.711953e-06     -1.027109e-05
     465         1.017155e-04      1.044869e-05      7.444559e-07
     466         1.020256e-04     -4.560996e-06     -3.887412e-06
     467         1.016782e-04     -5.225085e-06      1.043748e-06
     468         1.061594e-04     -2.064968e-07     -1.040480e-05
     469         1.094368e-04      2.596746e-06     -1.123737e-05
     470         1.031272e-04     -4.689365e-06      5.287758e-06
     471         1.053727e-04     -1.276758e-06     -2.037349e-06
     472         1.087428e-04     -2.767345e-06     -7.712791e-06
     473         9.800511e-05      2.375244e-06      8.424458e-07
     474         9.603027e-05      4.897137e-06      5.651159e-06
     475         9.748253e-05      8.121974e-06      9.515939e-06
     476         9.766126e-05     -1.005886e-06      4.997623e-06
     477         9.767030e-05     -3.048133e-06      9.391016e-06
     478         1.044269e-04     -1.675795e-06      5.141494e-06
     479         1.053805e-04      6.535997e-06     -2.190769e-06
     480         1.085463e-04      8.201341e-06     -7.596320e-06
     481         1.090643e-04      2.646930e-06     -5.121188e-06
     482         9.916412e-05      1.856626e-06      8.500732e-06
     483         9.859948e-05     -4.179141e-07      1.197101e-05
     484         9.854445e-05      5.512056e-06      1.203112e-05
     485         1.007223e-04      2.709151e-06      1.272382e-05
     486         1.020441e-04      6.300116e-06      6.133091e-06
     487         1.028745e-04      9.914737e-06      5.401196e-06
     488         1.044221e-04      8.229132e-06      9.265067e-06
     489         1.087453e-04      9.935898e-06     -3.542752e-06
     490         1.130405e-04      5.653316e-06     -1.022567e-05
     491         1.087094e-04      1.051984e-05      7.106630e-07
     492         1.046152e-04     -2.999805e-06      9.141173e-06
     493         1.089376e-04     -4.519765e-06     -3.676628e-06
     494         1.086693e-04     -5.138090e-06      9.836374e-07
     495         1.131581e-04     -1.075663e-07     -1.028165e-05
     496         1.163771e-04      2.680273e-06     -1.105958e-05
     497         1.100248e-04     -4.625457e-06      5.108113e-06
     498         1.068619e-04     -3.638301e-07      6.961428e-06
     499         1.054834e-04     -3.984286e-07      1.160160e-05
     500         1.121553e-04      3.876242e-09     -3.373256e-06
     501         1.109794e-04     -1.819064e-06      1.672809e-06
     502         1.156927e-04     -2.653589e-06     -7.585585e-06
     503         1.160117e-04      2.905616e-06     -6.700927e-06
     504         1.155086e-04      8.280243e-06     -7.485501e-06
     505         1.086524e-04      2.693972e-06      8.403004e-07
     506         1.121326e-04      6.359710e-06     -1.324793e-06
     507         1.070588e-04      4.330529e-06      6.947913e-06
     508         1.053982e-04      5.608194e-06      1.170258e-05
     509         1.075186e-04      2.790073e-06      1.233970e-05
     510         1.097028e-04      9.995737e-06      5.319579e-06
     511         1.111971e-04      8.319953e-06      8.953325e-06
     512         1.112820e-04      4.933428e-06      8.780263e-06
     513         1.120631e-04      5.687884e-06      1.126364e-05
     514         1.156308e-04      9.998686e-06     -3.501202e-06
     515         1.198808e-04      5.766831e-06     -9.993966e-06
     516         1.174857e-04      7.630015e-06     -1.556718e-06
     517         1.155337e-04      1.061046e-05      6.534514e-07
     518         1.222581e-04      8.325451e-06     -7.310184e-06
     519         1.113870e-04     -2.928105e-06      8.833582e-06
     520         1.151466e-04     -2.622519e-06      2.896448e-06
     521         1.158778e-04     -4.403506e-06     -3.704941e-06
     522         1.155054e-04     -5.060785e-06      9.157026e-07
     523         1.200320e-04     -3.549694e-09     -1.010409e-05
     524         1.203678e-04      1.280831e-06     -6.136582e-06
     525         1.231699e-04      2.755124e-06     -1.077539e-05
     526         1.224527e-04     -2.562088e-06     -7.416430e-06
     527         1.167182e-04     -4.569785e-06      4.900398e-06
     528         1.164915e-04      1.010985e-05      5.023395e-06
     529         1.140787e-04      2.844968e-06      1.185556e-05
     530         1.121309e-04     -2.603447e-07      1.123496e-05
     531         1.130583e-04      1.417257e-06      4.965364e-06
     532         1.175243e-04     -2.320869e-07     -1.465270e-06
     533         1.177285e-04      8.395149e-06      8.633421e-06
     534         1.170816e-04      4.246709e-06      5.950422e-06
     535         1.185001e-04      5.761042e-06      1.079562e-05
     536         1.221122e-04     -4.991816e-06      8.269462e-07
     537         1.192266e-04      4.569075e-06     -3.740779e-06
     538         1.165551e-04      6.246725e-06      2.729056e-06
     539         1.223363e-04      1.005307e-05     -3.400913e-06
     540         1.220589e-04      8.137516e-06     -3.302590e-06
     541         1.265804e-04      5.764765e-06     -9.752775e-06
     542         1.221403e-04      1.066394e-05      6.153662e-07
     543         1.288183e-04      8.392690e-06     -7.033137e-06
     544         1.179394e-04     -2.903011e-06      8.458344e-06
     545         1.196566e-04     -1.236217e-06      2.993932e-06
     546         1.225073e-04     -4.348375e-06     -3.509308e-06
     547         1.243913e-04      1.442254e-06     -4.475851e-06
     548         1.266859e-04      7.347683e-08     -9.777408e-06
     549         1.297664e-04      2.824235e-06     -1.043227e-05
     550         1.290156e-04     -2.465022e-06     -7.175420e-06
     551         1.203770e-04      2.927798e-06      1.132762e-05
     552         1.223738e-04      2.561496e-06      8.610494e-06
     553         1.186167e-04     -3.519374e-07      1.071116e-05
     554         1.231819e-04     -4.504515e-06      4.665907e-06
     555         1.288096e-04      1.012059e-05     -3.274185e-06
     556         1.246360e-04      5.837447e-06      1.022075e-05
     557         1.228358e-04      1.014672e-05      4.973172e-06
     558         1.240132e-04      8.496525e-06      8.172580e-06
     559         1.240879e-04      6.549594e-06      3.742349e-06
     560         1.291388e-04      1.026782e-05      4.497113e-06
     561         1.285124e-04      1.072247e-05      5.409971e-07
     562         1.233564e-04      4.360483e-07      4.790024e-06
     563         1.241962e-04     -2.836860e-06      8.058048e-06
     564         1.220648e-04      2.838796e-06      7.314123e-07
     565         1.255602e-04      4.164375e-06      6.808589e-06
     566         1.283676e-04     -2.894958e-06     -8.339313e-07
     567         1.284659e-04     -4.942385e-06      7.657278e-07
     568         1.291124e-04     -4.210364e-06     -3.619863e-06
     569         1.329668e-04      5.932630e-06     -9.303871e-06
     570         1.288835e-04      5.349058e-06     -3.967529e-06
     571         1.350915e-04      8.409744e-06     -6.737752e-06
     572         1.284556e-04      1.253392e-08     -2.155658e-06
     573         1.331349e-04      1.459464e-07     -9.420826e-06
     574         1.360667e-04      2.889778e-06     -1.000245e-05
     575         1.352586e-04     -2.408487e-06     -6.882363e-06
     576         1.391678e-04      5.835356e-06     -8.975300e-06
     577         1.351036e-04     -4.208700e-06     -3.255656e-06
     578         1.246852e-04     -1.507989e-07      1.019828e-05
     579         1.264297e-04      2.984925e-06      1.069379e-05
     580         1.345249e-04     -4.862952e-06      7.326993e-07
     581         1.285537e-04      7.147067e-07      6.278671e-06
     582         1.300366e-04     -1.814569e-06      2.266162e-06
     583         1.293723e-04     -4.469800e-06      4.389313e-06
     584         1.302201e-04     -2.844854e-06      7.495868e-06
     585         1.349494e-04      1.014670e-05     -3.160725e-06
     586         1.313635e-04      7.025121e-06     -2.149211e-07
     587         1.345660e-04      1.078134e-05      5.119449e-07
     588         1.352699e-04      8.814263e-06      2.679069e-07
     589         1.310407e-04      5.696169e-06      4.237316e-06
     590         1.304718e-04      5.922606e-06      9.586449e-06
     591         1.299480e-04      8.534282e-06      7.728477e-06
     592         1.349403e-04      1.031781e-05      4.308060e-06
     593         1.380272e-04      8.270865e-06      1.231715e-06
     594         1.408247e-04      1.020023e-05     -2.970504e-06
     595         1.402821e-04      1.085332e-05      4.403788e-07
     596         1.321067e-04      2.945104e-06      6.095877e-07
     597         1.390129e-04      6.067994e-06     -4.827746e-06
     598         1.410335e-04      8.476879e-06     -6.341587e-06
     599         1.353653e-04     -1.352784e-06     -2.727678e-06
     600         1.341192e-04      2.907887e-06     -4.596600e-06
     601         1.392843e-04      2.239790e-07     -8.975341e-06
     602         1.420926e-04      2.951078e-06     -9.479557e-06
     603         1.412719e-04     -2.282057e-06     -6.586444e-06
     604         1.449917e-04      5.947406e-06     -8.370609e-06
     605         1.411051e-04     -4.092548e-06     -3.173040e-06
     606         1.331728e-04      3.086598e-06      6.491832e-06
     607         1.306294e-04     -1.883511e-07      9.500437e-06
     608         1.320853e-04      3.030971e-06      9.938820e-06
     609         1.384981e-04     -1.882588e-06      1.296858e-07
     610         1.351682e-04     -4.436935e-06      4.112995e-06
     611         1.402217e-04     -4.814832e-06      5.899514e-07
     612         1.467627e-04      8.418598e-06     -6.084246e-06
     613         1.358670e-04      3.590670e-07      3.400099e-06
     614         1.356933e-04     -2.693451e-06      7.147075e-06
     615         1.397479e-04      5.884201e-06     -1.168930e-06
     616         1.367558e-04      5.742724e-06      3.934728e-06
     617         1.359154e-04      5.960584e-06      8.887188e-06
     618         1.356798e-04      8.709004e-06      7.056695e-06
     619         1.426966e-04      7.858342e-06     -2.484934e-07
     620         1.405502e-04      1.041397e-05      3.801983e-06
     621         1.462817e-04      1.023991e-05     -2.779632e-06
     622         1.455737e-04      1.089753e-05      4.426951e-07
     623         1.477483e-04      2.983554e-06     -8.898366e-06
     624         1.410024e-04      8.665716e-07     -2.641632e-06
     625         1.450451e-04      2.951843e-07     -8.467228e-06
     626         1.467648e-04     -2.335584e-06     -5.995574e-06
     627         1.477702e-04      5.144250e-06     -4.620329e-06
     628         1.504416e-04      5.824981e-06     -7.865370e-06
     629         1.505346e-04      3.460257e-07     -7.864040e-06
     630         1.448410e-04     -5.671279e-07     -1.143940e-06
     631         1.463899e-04     -4.077447e-06     -2.812647e-06
     632         1.520602e-04     -2.189951e-06     -5.628253e-06
     633         1.396724e-04      1.547323e-06      4.669411e-06
     634         1.373672e-04      3.052637e-06      9.151928e-06
     635         1.358849e-04     -3.918809e-08      8.867578e-06
     636         1.410216e-04     -1.825412e-07      8.052819e-06
     637         1.406651e-04     -4.382565e-06      3.796781e-06
     638         1.455410e-04     -4.776922e-06      5.553852e-07
     639         1.409625e-04     -2.720878e-06      6.445271e-06
     640         1.530532e-04      3.026046e-06     -8.178239e-06
     641         1.518701e-04      8.517743e-06     -5.513252e-06
     642         1.553847e-04      6.054280e-06     -7.138836e-06
     643         1.516081e-04     -3.964585e-06     -2.802495e-06
     644         1.504026e-04     -4.744960e-06      4.767018e-07
     645         1.456822e-04     -4.354065e-06      3.408058e-06
     646         1.505813e-04     -4.810316e-07     -1.147624e-06
     647         1.568332e-04     -2.088074e-06     -5.197376e-06
     648         1.555750e-04      4.034923e-07     -7.161176e-06
     649         1.525405e-04      4.630418e-06     -3.323205e-06
     650         1.421813e-04      3.116763e-06      8.224019e-06
     651         1.455407e-04     -7.536013e-08      7.213610e-06
     652         1.453536e-04      1.506252e-06      4.178986e-06
     653         1.457772e-04     -2.769649e-06      5.745485e-06
     654         1.409492e-04      6.027027e-06      8.049250e-06
     655         1.453383e-04      1.042665e-05      3.673240e-06
     656         1.407994e-04      8.715429e-06      6.523610e-06
     657         1.474467e-04      6.711429e-06      2.007198e-06
     658         1.504257e-04      1.092380e-05      3.559552e-07
     659         1.512984e-04      1.026550e-05     -2.524962e-06
     660         1.454580e-04      8.693658e-06      5.999308e-06
     661         1.433910e-04      3.045769e-06      5.013940e-07
     662         1.417421e-04      5.671000e-06      4.159210e-06
     663         1.467618e-04      7.102762e-06     -5.737167e-07
     664         1.495669e-04      1.682417e-06     -3.505449e-06
     665         1.445316e-04     -6.085680e-07      2.040997e-06
     666         1.578463e-04      3.079271e-06     -7.385877e-06
     667         1.499862e-04      1.046043e-05      3.218806e-06
     668         1.565491e-04      8.603101e-06     -4.933930e-06
     669         1.599483e-04      6.059537e-06     -6.451451e-06
     670         1.561279e-04     -3.954157e-06     -2.470099e-06
     671         1.547704e-04     -4.716074e-06      4.430058e-07
     672         1.502685e-04     -4.329426e-06      3.023900e-06
     673         1.560448e-04      4.833239e-07     -2.239001e-06
     674         1.600233e-04      4.352156e-07     -6.490436e-06
     675         1.606404e-04     -2.160078e-06     -4.526860e-06
     676         1.558818e-04      1.029332e-05     -2.265211e-06
     677         1.559219e-04      5.895794e-06     -2.167715e-06
     678         1.547968e-04      1.095065e-05      2.666021e-07
     679         1.503574e-04      5.872896e-06      2.982738e-06
     680         1.454000e-04      6.057441e-06      7.254107e-06
     681         1.495185e-04      8.874835e-06      5.215667e-06
     682         1.505370e-04      2.109253e-07      2.910666e-06
     683         1.495755e-04     -2.653188e-06      5.212175e-06
     684         1.494918e-04     -1.340230e-07      6.287226e-06
     685         1.464899e-04      3.153024e-06      7.368309e-06
     686         1.496363e-04      3.087403e-06      4.207096e-07
     687         1.621527e-04      3.120838e-06     -6.652675e-06
     688         1.523173e-04      4.597034e-06      3.378868e-06
     689         1.493761e-04      6.163770e-06      6.303147e-06
     690         1.503287e-04      3.199806e-06      6.313127e-06
     691         1.538372e-04      1.050415e-05      2.874687e-06
     692         1.526773e-04      5.403756e-06      4.442289e-06
     693         1.530322e-04      8.796233e-06      4.492532e-06
     694         1.606041e-04      8.467797e-06     -4.520929e-06
     695         1.546432e-04     -5.604338e-07      1.544080e-06
     696         1.542173e-04     -4.320355e-06      2.692774e-06
     697         1.562059e-04     -2.404590e-06      1.933624e-06
     698         1.533557e-04     -2.775802e-06      4.431437e-06
     699         1.596180e-04      1.760702e-06     -2.718757e-06
     700         1.598852e-04      1.028323e-05     -2.065455e-06
     701         1.574760e-04      6.741863e-06     -8.856899e-07
     702         1.586601e-04      1.096814e-05      2.847941e-07
     703         1.638589e-04      6.099621e-06     -5.641332e-06
     704         1.604972e-04      8.533208e-06     -1.346163e-06
     705         1.639774e-04      4.913769e-07     -5.673425e-06
     706         1.636128e-04      1.105238e-06     -3.853999e-06
     707         1.600739e-04     -3.871234e-06     -2.234509e-06
     708         1.586294e-04     -4.699754e-06      2.974076e-07
     709         1.643950e-04     -1.992378e-06     -3.916078e-06
     710         1.528604e-04      6.230801e-06      5.293927e-06
     711         1.575729e-04     -4.291957e-06      2.260297e-06
     712         1.528885e-04     -2.377898e-09      5.246515e-06
     713         1.554842e-04      1.584896e-06      2.958983e-06
     714         1.564527e-04     -2.657624e-06      3.696035e-06
     715         1.535774e-04      3.182450e-06      5.194477e-06
     716         1.551923e-04      3.128469e-06      3.434312e-07
     717         1.659892e-04      3.164441e-06     -5.723756e-06
     718         1.576167e-04      6.792966e-06      1.405047e-06
     719         1.574506e-04      1.057609e-05      2.290746e-06
     720         1.563073e-04      8.905778e-06      3.743583e-06
     721         1.641326e-04      8.588297e-06     -3.852183e-06
     722         1.633180e-04      1.027695e-05     -1.737857e-06
     723         1.618855e-04      1.104277e-05      2.137601e-07
     724         1.607340e-04     -3.976851e-07     -8.531441e-07
     725         1.626639e-04      4.701177e-06     -2.403036e-06
     726         1.673428e-04      5.989130e-06     -4.730800e-06
     727         1.674311e-04      4.677229e-07     -4.774628e-06
     728         1.634503e-04     -3.902429e-06     -1.770872e-06
     729         1.618594e-04     -4.623139e-06      2.582214e-07
     730         1.675283e-04     -2.036273e-06     -3.286889e-06
     731         1.556519e-04      6.262001e-06      4.272198e-06
     732         1.601618e-04      6.007777e-06      1.768692e-06
     733         1.602223e-04      1.058069e-05      1.872682e-06
     734         1.588566e-04      8.946002e-06      2.845113e-06
     735         1.602478e-04      3.441362e-07      1.762318e-06
     736         1.604604e-04     -4.251576e-06      1.805763e-06
     737         1.557748e-04     -8.794788e-08      4.260476e-06
     738         1.590184e-04     -2.641978e-06      2.818949e-06
     739         1.561274e-04      3.211212e-06      4.051517e-06
     740         1.604521e-04      3.172395e-06      2.046428e-06
     741         1.612146e-04      3.185916e-06      2.360351e-07
     742         1.692117e-04      3.139817e-06     -4.710049e-06
     743         1.612025e-04      1.636264e-06      1.853337e-06
     744         1.580957e-04      3.258565e-06      2.763286e-06
     745         1.580356e-04     -7.516659e-08      3.151112e-06
     746         1.595074e-04      2.120382e-08      1.896833e-06
     747         1.605685e-04     -3.476028e-07      2.093727e-06
     748         1.610198e-04     -2.750563e-06      1.863899e-06
     749         1.627284e-04     -4.251824e-06      1.386327e-06
     750         1.657204e-04      5.927621e-06     -1.350569e-06
     751         1.673713e-04      8.557700e-06     -3.243646e-06
     752         1.662460e-04      1.029871e-05     -1.399627e-06
     753         1.701421e-04      6.121307e-06     -3.889598e-06
     754         1.645379e-04     -6.176696e-07      0.000000e+00
     755         1.642202e-04     -3.847080e-06      0.000000e+00
     756         1.609649e-04     -1.001127e-06      0.000000e+00
     757         1.620843e-04     -2.540941e-06      8.729864e-07
     758         1.651993e-04     -4.285618e-06      3.700494e-07
     759         1.602566e-04      3.640365e-07      8.686678e-07
     760         1.664778e-04     -1.633258e-06      0.000000e+00
     761         1.649558e-04      7.139955e-06      1.339628e-07
     762         1.645345e-04      1.105061e-05      1.415754e-07
     763         1.608311e-04      6.028194e-06      2.012350e-06
     764         1.578784e-04      6.322173e-06      3.192832e-06
     765         1.625258e-04      1.063664e-05      1.416695e-06
     766         1.643115e-04      4.959048e-06      7.445738e-07
     767         1.607326e-04      8.901842e-06      1.927891e-06
     768         1.595186e-04      6.315995e-06      1.921991e-06
     769         1.641322e-04      7.823144e-07      5.471155e-07
     770         1.643271e-04     -4.274241e-06      8.630950e-07
     771         1.677575e-04     -4.618975e-06      6.608816e-08
     772         1.623061e-04      3.466337e-06      7.287735e-07
     773         1.594056e-04      3.274578e-06      1.526633e-06
     774         1.603127e-04      6.258893e-06      9.243084e-07
     775         1.606995e-04      3.276627e-06      0.000000e+00
     776         1.638315e-04      2.128001e-06      0.000000e+00
     777         1.633489e-04      4.921841e-06      0.000000e+00
     778         1.610252e-04      7.512955e-06      0.000000e+00
     779         1.643317e-04      6.889145e-06      0.000000e+00
     780         1.622708e-04      9.228411e-06      8.341739e-07
     781         1.657616e-04      5.226390e-07     -1.391366e-06
     782         1.664329e-04     -3.800586e-06     -1.454363e-06
     783         1.701411e-04      4.700708e-07     -3.833068e-06
     784         1.647529e-04     -9.593903e-07      2.510225e-07
     785         1.645288e-04     -4.622551e-06      1.971026e-07
     786         1.665105e-04     -4.595974e-06      1.263342e-07
     787         1.686912e-04     -3.788156e-06     -1.061543e-06
     788         1.700301e-04     -2.021507e-06     -2.417844e-06
     789         1.655455e-04      3.230286e-06      1.293582e-07
     790         1.679749e-04      3.865018e-06     -1.301117e-06
     791         1.717718e-04      3.197820e-06     -3.717427e-06
     792         1.656083e-04     -1.372751e-06      4.124627e-07
     793         1.725014e-04      5.129506e-07     -2.900929e-06
     794         1.701713e-04     -3.795751e-06     -6.640949e-07
     795         1.720825e-04     -1.867880e-06     -1.678823e-06
     796         1.684465e-04     -2.751212e-06     -4.638067e-08
     797         1.705954e-04     -3.976646e-06     -2.939269e-07
     798         1.682742e-04     -4.624946e-06      0.000000e+00
     799         1.665661e-04      1.106899e-05      7.817220e-08
     800         1.699900e-04      8.527065e-06     -2.461821e-06
     801         1.687993e-04      8.073020e-06     -6.356416e-07
     802         1.685131e-04      1.028652e-05     -1.131485e-06
     803         1.724101e-04      6.059285e-06     -2.893521e-06
     804         1.678495e-04      1.174508e-06      8.920752e-09
     805         1.690068e-04     -8.559126e-07      0.000000e+00
     806         1.665247e-04      1.042878e-06      0.000000e+00
     807         1.658486e-04      8.126346e-06      3.209776e-07
     808         1.642244e-04      1.070273e-05      8.490220e-07
     809         1.690389e-04      6.026159e-06     -4.201245e-07
     810         1.655831e-04      6.653114e-06      3.210057e-07
     811         1.664322e-04      4.670721e-06      0.000000e+00
     812         1.663947e-04      7.980866e-06      0.000000e+00
     813         1.653361e-04      1.081019e-05      3.624113e-07
     814         1.642110e-04      1.039731e-05      0.000000e+00
     815         1.678338e-04      1.109942e-05      6.601320e-08
     816         1.699753e-04      1.859162e-06     -1.091943e-06
     817         1.708363e-04      5.287895e-06     -1.389215e-06
     818         1.737797e-04      3.201037e-06     -2.576728e-06
     819         1.716096e-04     -1.409320e-07     -1.031739e-06
     820         1.740631e-04      5.407250e-07     -1.692217e-06
     821         1.718713e-04      1.682624e-08     -4.418007e-07
     822         1.731079e-04     -2.051393e-06     -6.865955e-07
     823         1.720089e-04     -3.291755e-06      0.000000e+00
     824         1.716499e-04      1.480845e-07      0.000000e+00
     825         1.700576e-04      1.033413e-05     -6.938878e-07
     826         1.718364e-04      8.632596e-06     -1.643672e-06
     827         1.740089e-04      6.049421e-06     -1.714672e-06
     828         1.711036e-04      3.985141e-06     -3.132260e-07
     829         1.700465e-04      3.209553e-06      0.000000e+00
     830         1.689751e-04      8.821205e-06     -8.405014e-08
     831         1.709327e-04      7.192996e-06     -3.458839e-07
     832         1.690771e-04      7.099900e-06      0.000000e+00
     833         1.683346e-04      1.108469e-05      0.000000e+00
     834         1.707781e-04      1.034169e-05     -2.649176e-07
     835         1.751053e-04      3.236267e-06     -1.442307e-06
     836         1.748000e-04      6.704686e-07     -9.011995e-07
     837         1.729591e-04      2.266201e-06      0.000000e+00
     838         1.745611e-04     -3.541844e-07      0.000000e+00
     839         1.732679e-04      8.380891e-06     -7.886181e-07
     840         1.748430e-04      5.695164e-06     -9.115534e-07
     841         1.717424e-04      6.278352e-06      0.000000e+00
     842         1.729531e-04      4.230895e-06      0.000000e+00
     843         1.720970e-04      9.763784e-06      0.000000e+00
     844         1.753878e-04      3.244383e-06      0.000000e+00
     845         1.745143e-04      6.826841e-06      0.000000e+00

 S O L U T I O N   T I M E   L O G (SEC)

     TOTAL TIME . . . . . . . . . . . . . . . . . . =      19.32
