 C O N T R O L   I N F O R M A T I O N

      NUMBER OF NODAL POINTS . . . . . . . (NUMNP)  =        102
      NUMBER OF ELEMENT GROUPS . . . . . . (NUMEG)  =          1
      NUMBER OF LOAD CASES . . . . . . . . (NLCASE) =          1
      SOLUTION MODE  . . . . . . . . . . . (MODEX)  =          1


 D I S P L A C E M E N T S (Final State)

    NODE           X-DISPLACEMENT    Y-DISPLACEMENT    Z-DISPLACEMENT
       1         0.000000e+00      0.000000e+00      0.000000e+00
       2         1.987783e-02      0.000000e+00      0.000000e+00
       3         6.265807e-04      0.000000e+00      0.000000e+00
       4        -2.827857e-02      0.000000e+00      0.000000e+00
       5        -2.722265e-02      0.000000e+00      0.000000e+00
       6         1.464829e-02      0.000000e+00      0.000000e+00
       7         3.829370e-02      0.000000e+00      0.000000e+00
       8         1.280738e-02      0.000000e+00      0.000000e+00
       9        -3.407611e-02      0.000000e+00      0.000000e+00
      10        -5.631897e-02      0.000000e+00      0.000000e+00
      11        -2.608078e-02      0.000000e+00      0.000000e+00
      12         2.224364e-02      0.000000e+00      0.000000e+00
      13         4.805770e-02      0.000000e+00      0.000000e+00
      14         1.949834e-02      0.000000e+00      0.000000e+00
      15        -4.451206e-02      0.000000e+00      0.000000e+00
      16        -8.029522e-02      0.000000e+00      0.000000e+00
      17        -4.768453e-02      0.000000e+00      0.000000e+00
      18         2.527336e-02      0.000000e+00      0.000000e+00
      19         6.436595e-02      0.000000e+00      0.000000e+00
      20         2.852058e-02      0.000000e+00      0.000000e+00
      21        -4.928555e-02      0.000000e+00      0.000000e+00
      22        -9.810139e-02      0.000000e+00      0.000000e+00
      23        -7.546469e-02      0.000000e+00      0.000000e+00
      24         1.295338e-02      0.000000e+00      0.000000e+00
      25         7.882789e-02      0.000000e+00      0.000000e+00
      26         5.334992e-02      0.000000e+00      0.000000e+00
      27        -4.750452e-02      0.000000e+00      0.000000e+00
      28        -1.254620e-01      0.000000e+00      0.000000e+00
      29        -9.755364e-02      0.000000e+00      0.000000e+00
      30         3.861039e-03      0.000000e+00      0.000000e+00
      31         8.344175e-02      0.000000e+00      0.000000e+00
      32         6.120930e-02      0.000000e+00      0.000000e+00
      33        -4.902113e-02      0.000000e+00      0.000000e+00
      34        -1.365257e-01      0.000000e+00      0.000000e+00
      35        -9.942355e-02      0.000000e+00      0.000000e+00
      36         1.725585e-02      0.000000e+00      0.000000e+00
      37         9.252671e-02      0.000000e+00      0.000000e+00
      38         3.617104e-02      0.000000e+00      0.000000e+00
      39        -1.017631e-01      0.000000e+00      0.000000e+00
      40        -1.799896e-01      0.000000e+00      0.000000e+00
      41        -9.936874e-02      0.000000e+00      0.000000e+00
      42         7.645862e-02      0.000000e+00      0.000000e+00
      43         1.760336e-01      0.000000e+00      0.000000e+00
      44         8.199538e-02      0.000000e+00      0.000000e+00
      45        -1.229948e-01      0.000000e+00      0.000000e+00
      46        -2.469625e-01      0.000000e+00      0.000000e+00
      47        -1.717210e-01      0.000000e+00      0.000000e+00
      48         3.063692e-02      0.000000e+00      0.000000e+00
      49         1.479048e-01      0.000000e+00      0.000000e+00
      50         3.776414e-02      0.000000e+00      0.000000e+00
      51        -1.979328e-01      0.000000e+00      0.000000e+00
      52         5.499772e-01      0.000000e+00      0.000000e+00
      53         6.539172e-01      0.000000e+00      0.000000e+00
      54         3.075014e-02      0.000000e+00      0.000000e+00
      55        -6.776653e-01      0.000000e+00      0.000000e+00
      56        -7.600190e-01      0.000000e+00      0.000000e+00
      57        -1.246268e-01      0.000000e+00      0.000000e+00
      58         5.951615e-01      0.000000e+00      0.000000e+00
      59         6.858830e-01      0.000000e+00      0.000000e+00
      60         7.662407e-02      0.000000e+00      0.000000e+00
      61        -6.091327e-01      0.000000e+00      0.000000e+00
      62        -6.950225e-01      0.000000e+00      0.000000e+00
      63        -1.051418e-01      0.000000e+00      0.000000e+00
      64         5.510906e-01      0.000000e+00      0.000000e+00
      65         6.109043e-01      0.000000e+00      0.000000e+00
      66         1.793787e-02      0.000000e+00      0.000000e+00
      67        -6.183657e-01      0.000000e+00      0.000000e+00
      68        -6.546921e-01      0.000000e+00      0.000000e+00
      69        -5.250020e-02      0.000000e+00      0.000000e+00
      70         5.781102e-01      0.000000e+00      0.000000e+00
      71         6.124987e-01      0.000000e+00      0.000000e+00
      72         8.039587e-03      0.000000e+00      0.000000e+00
      73        -6.284837e-01      0.000000e+00      0.000000e+00
      74        -6.540908e-01      0.000000e+00      0.000000e+00
      75        -4.831351e-02      0.000000e+00      0.000000e+00
      76         5.802323e-01      0.000000e+00      0.000000e+00
      77         6.133016e-01      0.000000e+00      0.000000e+00
      78         1.963258e-02      0.000000e+00      0.000000e+00
      79        -6.104754e-01      0.000000e+00      0.000000e+00
      80        -6.459062e-01      0.000000e+00      0.000000e+00
      81        -5.510421e-02      0.000000e+00      0.000000e+00
      82         5.771722e-01      0.000000e+00      0.000000e+00
      83         6.118162e-01      0.000000e+00      0.000000e+00
      84         2.470847e-02      0.000000e+00      0.000000e+00
      85        -5.948902e-01      0.000000e+00      0.000000e+00
      86        -6.349587e-01      0.000000e+00      0.000000e+00
      87        -5.351247e-02      0.000000e+00      0.000000e+00
      88         5.718846e-01      0.000000e+00      0.000000e+00
      89         6.187319e-01      0.000000e+00      0.000000e+00
      90         3.323381e-02      0.000000e+00      0.000000e+00
      91        -5.996527e-01      0.000000e+00      0.000000e+00
      92        -6.375837e-01      0.000000e+00      0.000000e+00
      93        -3.591257e-02      0.000000e+00      0.000000e+00
      94         5.941780e-01      0.000000e+00      0.000000e+00
      95         6.189208e-01      0.000000e+00      0.000000e+00
      96         1.335227e-02      0.000000e+00      0.000000e+00
      97        -6.082563e-01      0.000000e+00      0.000000e+00
      98        -6.185566e-01      0.000000e+00      0.000000e+00
      99        -1.189085e-02      0.000000e+00      0.000000e+00
     100         6.068039e-01      0.000000e+00      0.000000e+00
     101         6.103988e-01      0.000000e+00      0.000000e+00
     102         0.000000e+00      0.000000e+00      0.000000e+00

 S O L U T I O N   T I M E   L O G (SEC)

     TOTAL TIME . . . . . . . . . . . . . . . . . . =       4.19
